[debug] [2018-04-26T08:20:34.532Z] ----------------------------------------------------------------------
[debug] [2018-04-26T08:20:34.534Z] Command:       /usr/local/bin/node /usr/local/bin/firebase init
[debug] [2018-04-26T08:20:34.535Z] CLI Version:   3.18.4
[debug] [2018-04-26T08:20:34.535Z] Platform:      darwin
[debug] [2018-04-26T08:20:34.535Z] Node Version:  v8.1.0
[debug] [2018-04-26T08:20:34.535Z] Time:          Thu Apr 26 2018 04:20:34 GMT-0400 (EDT)
[debug] [2018-04-26T08:20:34.535Z] ----------------------------------------------------------------------
[debug] 
[debug] [2018-04-26T08:20:34.543Z] > command requires scopes: ["email","openid","https://www.googleapis.com/auth/cloudplatformprojects.readonly","https://www.googleapis.com/auth/firebase"]
[debug] [2018-04-26T08:20:34.544Z] > authorizing via signed-in user
[info] 
     🔥🔥🔥🔥🔥🔥🔥🔥 🔥🔥🔥🔥 🔥🔥🔥🔥🔥🔥🔥🔥  🔥🔥🔥🔥🔥🔥🔥🔥 🔥🔥🔥🔥🔥🔥🔥🔥     🔥🔥🔥     🔥🔥🔥🔥🔥🔥  🔥🔥🔥🔥🔥🔥🔥🔥
     🔥🔥        🔥🔥  🔥🔥     🔥🔥 🔥🔥       🔥🔥     🔥🔥  🔥🔥   🔥🔥  🔥🔥       🔥🔥
     🔥🔥🔥🔥🔥🔥    🔥🔥  🔥🔥🔥🔥🔥🔥🔥🔥  🔥🔥🔥🔥🔥🔥   🔥🔥🔥🔥🔥🔥🔥🔥  🔥🔥🔥🔥🔥🔥🔥🔥🔥  🔥🔥🔥🔥🔥🔥  🔥🔥🔥🔥🔥🔥
     🔥🔥        🔥🔥  🔥🔥    🔥🔥  🔥🔥       🔥🔥     🔥🔥 🔥🔥     🔥🔥       🔥🔥 🔥🔥
     🔥🔥       🔥🔥🔥🔥 🔥🔥     🔥🔥 🔥🔥🔥🔥🔥🔥🔥🔥 🔥🔥🔥🔥🔥🔥🔥🔥  🔥🔥     🔥🔥  🔥🔥🔥🔥🔥🔥  🔥🔥🔥🔥🔥🔥🔥🔥

You're about to initialize a Firebase project in this directory:

  /Users/connortodd/cs252/lab6/Cinnematch/Cinnematch/cinnematch

[info] 
=== Project Setup
[info] 
[info] First, let's associate this project directory with a Firebase project.
[info] You can create multiple project aliases by running firebase use --add, 
[info] but for now we'll just set up a default project.
[info] 
[debug] [2018-04-26T08:20:38.006Z] >>> HTTP REQUEST GET https://admin.firebase.com/v1/projects  
  
 Thu Apr 26 2018 04:20:38 GMT-0400 (EDT)
[debug] [2018-04-26T08:20:38.421Z] <<< HTTP RESPONSE 200
